<?xml version="1.0" encoding="UTF-8"?>
<testsuite xmlns:xsi="http://www.w3.org/2001/XMLSchema-instance" xsi:noNamespaceSchemaLocation="https://maven.apache.org/surefire/maven-surefire-plugin/xsd/surefire-test-report-3.0.xsd" version="3.0" name="com.testing.api.runner.TestRunner" time="12.566" tests="2" errors="0" skipped="0" failures="0">
  <properties>
    <property name="java.specification.version" value="17"/>
    <property name="sun.cpu.isalist" value="amd64"/>
    <property name="sun.jnu.encoding" value="Cp1252"/>
    <property name="java.class.path" value="C:\Users\santiago.arenas\Downloads\assuredApi\assuredApi\target\test-classes;C:\Users\santiago.arenas\Downloads\assuredApi\assuredApi\target\classes;C:\Users\santiago.arenas\.m2\repository\io\cucumber\cucumber-java\7.13.0\cucumber-java-7.13.0.jar;C:\Users\santiago.arenas\.m2\repository\io\cucumber\cucumber-core\7.13.0\cucumber-core-7.13.0.jar;C:\Users\santiago.arenas\.m2\repository\io\cucumber\cucumber-gherkin\7.13.0\cucumber-gherkin-7.13.0.jar;C:\Users\santiago.arenas\.m2\repository\io\cucumber\cucumber-gherkin-messages\7.13.0\cucumber-gherkin-messages-7.13.0.jar;C:\Users\santiago.arenas\.m2\repository\io\cucumber\gherkin\26.2.0\gherkin-26.2.0.jar;C:\Users\santiago.arenas\.m2\repository\io\cucumber\messages\22.0.0\messages-22.0.0.jar;C:\Users\santiago.arenas\.m2\repository\io\cucumber\tag-expressions\5.0.1\tag-expressions-5.0.1.jar;C:\Users\santiago.arenas\.m2\repository\io\cucumber\cucumber-expressions\16.1.2\cucumber-expressions-16.1.2.jar;C:\Users\santiago.arenas\.m2\repository\io\cucumber\datatable\7.13.0\datatable-7.13.0.jar;C:\Users\santiago.arenas\.m2\repository\io\cucumber\cucumber-plugin\7.13.0\cucumber-plugin-7.13.0.jar;C:\Users\santiago.arenas\.m2\repository\io\cucumber\docstring\7.13.0\docstring-7.13.0.jar;C:\Users\santiago.arenas\.m2\repository\io\cucumber\html-formatter\20.3.1\html-formatter-20.3.1.jar;C:\Users\santiago.arenas\.m2\repository\io\cucumber\junit-xml-formatter\0.2.0\junit-xml-formatter-0.2.0.jar;C:\Users\santiago.arenas\.m2\repository\io\cucumber\ci-environment\9.2.0\ci-environment-9.2.0.jar;C:\Users\santiago.arenas\.m2\repository\org\apiguardian\apiguardian-api\1.1.2\apiguardian-api-1.1.2.jar;C:\Users\santiago.arenas\.m2\repository\io\cucumber\cucumber-junit\7.13.0\cucumber-junit-7.13.0.jar;C:\Users\santiago.arenas\.m2\repository\junit\junit\4.13.2\junit-4.13.2.jar;C:\Users\santiago.arenas\.m2\repository\org\hamcrest\hamcrest-core\1.3\hamcrest-core-1.3.jar;C:\Users\santiago.arenas\.m2\repository\org\projectlombok\lombok\1.18.28\lombok-1.18.28.jar;C:\Users\santiago.arenas\.m2\repository\com\google\code\gson\gson\2.10.1\gson-2.10.1.jar;C:\Users\santiago.arenas\.m2\repository\com\github\javafaker\javafaker\1.0.2\javafaker-1.0.2.jar;C:\Users\santiago.arenas\.m2\repository\org\apache\commons\commons-lang3\3.5\commons-lang3-3.5.jar;C:\Users\santiago.arenas\.m2\repository\org\yaml\snakeyaml\1.23\snakeyaml-1.23-android.jar;C:\Users\santiago.arenas\.m2\repository\com\github\mifmif\generex\1.0.2\generex-1.0.2.jar;C:\Users\santiago.arenas\.m2\repository\dk\brics\automaton\automaton\1.11-8\automaton-1.11-8.jar;C:\Users\santiago.arenas\.m2\repository\io\rest-assured\rest-assured\5.3.1\rest-assured-5.3.1.jar;C:\Users\santiago.arenas\.m2\repository\org\apache\groovy\groovy\4.0.11\groovy-4.0.11.jar;C:\Users\santiago.arenas\.m2\repository\org\apache\groovy\groovy-xml\4.0.11\groovy-xml-4.0.11.jar;C:\Users\santiago.arenas\.m2\repository\org\apache\httpcomponents\httpclient\4.5.13\httpclient-4.5.13.jar;C:\Users\santiago.arenas\.m2\repository\org\apache\httpcomponents\httpcore\4.4.13\httpcore-4.4.13.jar;C:\Users\santiago.arenas\.m2\repository\commons-logging\commons-logging\1.2\commons-logging-1.2.jar;C:\Users\santiago.arenas\.m2\repository\commons-codec\commons-codec\1.11\commons-codec-1.11.jar;C:\Users\santiago.arenas\.m2\repository\org\apache\httpcomponents\httpmime\4.5.13\httpmime-4.5.13.jar;C:\Users\santiago.arenas\.m2\repository\org\hamcrest\hamcrest\2.2\hamcrest-2.2.jar;C:\Users\santiago.arenas\.m2\repository\org\ccil\cowan\tagsoup\tagsoup\1.2.1\tagsoup-1.2.1.jar;C:\Users\santiago.arenas\.m2\repository\io\rest-assured\json-path\5.3.1\json-path-5.3.1.jar;C:\Users\santiago.arenas\.m2\repository\org\apache\groovy\groovy-json\4.0.11\groovy-json-4.0.11.jar;C:\Users\santiago.arenas\.m2\repository\io\rest-assured\rest-assured-common\5.3.1\rest-assured-common-5.3.1.jar;C:\Users\santiago.arenas\.m2\repository\io\rest-assured\xml-path\5.3.1\xml-path-5.3.1.jar;C:\Users\santiago.arenas\.m2\repository\io\rest-assured\json-schema-validator\5.3.1\json-schema-validator-5.3.1.jar;C:\Users\santiago.arenas\.m2\repository\com\github\java-json-tools\json-schema-validator\2.2.14\json-schema-validator-2.2.14.jar;C:\Users\santiago.arenas\.m2\repository\com\github\java-json-tools\jackson-coreutils-equivalence\1.0\jackson-coreutils-equivalence-1.0.jar;C:\Users\santiago.arenas\.m2\repository\com\fasterxml\jackson\core\jackson-databind\2.11.0\jackson-databind-2.11.0.jar;C:\Users\santiago.arenas\.m2\repository\com\fasterxml\jackson\core\jackson-annotations\2.11.0\jackson-annotations-2.11.0.jar;C:\Users\santiago.arenas\.m2\repository\com\fasterxml\jackson\core\jackson-core\2.11.0\jackson-core-2.11.0.jar;C:\Users\santiago.arenas\.m2\repository\com\github\java-json-tools\jackson-coreutils\2.0\jackson-coreutils-2.0.jar;C:\Users\santiago.arenas\.m2\repository\com\github\java-json-tools\msg-simple\1.2\msg-simple-1.2.jar;C:\Users\santiago.arenas\.m2\repository\com\github\java-json-tools\btf\1.3\btf-1.3.jar;C:\Users\santiago.arenas\.m2\repository\com\github\java-json-tools\json-schema-core\1.2.14\json-schema-core-1.2.14.jar;C:\Users\santiago.arenas\.m2\repository\com\github\java-json-tools\uri-template\0.10\uri-template-0.10.jar;C:\Users\santiago.arenas\.m2\repository\org\mozilla\rhino\1.7.7.2\rhino-1.7.7.2.jar;C:\Users\santiago.arenas\.m2\repository\com\sun\mail\mailapi\1.6.2\mailapi-1.6.2.jar;C:\Users\santiago.arenas\.m2\repository\joda-time\joda-time\2.10.5\joda-time-2.10.5.jar;C:\Users\santiago.arenas\.m2\repository\com\googlecode\libphonenumber\libphonenumber\8.11.1\libphonenumber-8.11.1.jar;C:\Users\santiago.arenas\.m2\repository\com\google\code\findbugs\jsr305\3.0.2\jsr305-3.0.2.jar;C:\Users\santiago.arenas\.m2\repository\net\sf\jopt-simple\jopt-simple\5.0.4\jopt-simple-5.0.4.jar;C:\Users\santiago.arenas\.m2\repository\com\google\guava\guava\32.0.1-jre\guava-32.0.1-jre.jar;C:\Users\santiago.arenas\.m2\repository\com\google\guava\failureaccess\1.0.1\failureaccess-1.0.1.jar;C:\Users\santiago.arenas\.m2\repository\com\google\guava\listenablefuture\9999.0-empty-to-avoid-conflict-with-guava\listenablefuture-9999.0-empty-to-avoid-conflict-with-guava.jar;C:\Users\santiago.arenas\.m2\repository\org\checkerframework\checker-qual\3.33.0\checker-qual-3.33.0.jar;C:\Users\santiago.arenas\.m2\repository\com\google\errorprone\error_prone_annotations\2.18.0\error_prone_annotations-2.18.0.jar;C:\Users\santiago.arenas\.m2\repository\com\google\j2objc\j2objc-annotations\2.8\j2objc-annotations-2.8.jar;C:\Users\santiago.arenas\.m2\repository\org\junit\jupiter\junit-jupiter-api\5.10.0\junit-jupiter-api-5.10.0.jar;C:\Users\santiago.arenas\.m2\repository\org\opentest4j\opentest4j\1.3.0\opentest4j-1.3.0.jar;C:\Users\santiago.arenas\.m2\repository\org\junit\platform\junit-platform-commons\1.10.0\junit-platform-commons-1.10.0.jar;C:\Users\santiago.arenas\.m2\repository\org\apache\logging\log4j\log4j-api\2.20.0\log4j-api-2.20.0.jar;C:\Users\santiago.arenas\.m2\repository\org\apache\logging\log4j\log4j-core\2.20.0\log4j-core-2.20.0.jar;C:\Users\santiago.arenas\.m2\repository\org\jetbrains\annotations\24.1.0\annotations-24.1.0.jar;"/>
    <property name="java.vm.vendor" value="Amazon.com Inc."/>
    <property name="sun.arch.data.model" value="64"/>
    <property name="user.variant" value=""/>
    <property name="java.vendor.url" value="https://aws.amazon.com/corretto/"/>
    <property name="user.timezone" value="America/Bogota"/>
    <property name="os.name" value="Windows 11"/>
    <property name="java.vm.specification.version" value="17"/>
    <property name="sun.java.launcher" value="SUN_STANDARD"/>
    <property name="user.country" value="US"/>
    <property name="sun.boot.library.path" value="C:\Users\santiago.arenas\.jdks\corretto-17.0.12\bin"/>
    <property name="sun.java.command" value="C:\Users\santiago.arenas\AppData\Local\Temp\surefire10569576017297949226\surefirebooter-20240913183227883_3.jar C:\Users\santiago.arenas\AppData\Local\Temp\surefire10569576017297949226 2024-09-13T18-32-27_368-jvmRun1 surefire-20240913183227883_1tmp surefire_0-20240913183227883_2tmp"/>
    <property name="jdk.debug" value="release"/>
    <property name="surefire.test.class.path" value="C:\Users\santiago.arenas\Downloads\assuredApi\assuredApi\target\test-classes;C:\Users\santiago.arenas\Downloads\assuredApi\assuredApi\target\classes;C:\Users\santiago.arenas\.m2\repository\io\cucumber\cucumber-java\7.13.0\cucumber-java-7.13.0.jar;C:\Users\santiago.arenas\.m2\repository\io\cucumber\cucumber-core\7.13.0\cucumber-core-7.13.0.jar;C:\Users\santiago.arenas\.m2\repository\io\cucumber\cucumber-gherkin\7.13.0\cucumber-gherkin-7.13.0.jar;C:\Users\santiago.arenas\.m2\repository\io\cucumber\cucumber-gherkin-messages\7.13.0\cucumber-gherkin-messages-7.13.0.jar;C:\Users\santiago.arenas\.m2\repository\io\cucumber\gherkin\26.2.0\gherkin-26.2.0.jar;C:\Users\santiago.arenas\.m2\repository\io\cucumber\messages\22.0.0\messages-22.0.0.jar;C:\Users\santiago.arenas\.m2\repository\io\cucumber\tag-expressions\5.0.1\tag-expressions-5.0.1.jar;C:\Users\santiago.arenas\.m2\repository\io\cucumber\cucumber-expressions\16.1.2\cucumber-expressions-16.1.2.jar;C:\Users\santiago.arenas\.m2\repository\io\cucumber\datatable\7.13.0\datatable-7.13.0.jar;C:\Users\santiago.arenas\.m2\repository\io\cucumber\cucumber-plugin\7.13.0\cucumber-plugin-7.13.0.jar;C:\Users\santiago.arenas\.m2\repository\io\cucumber\docstring\7.13.0\docstring-7.13.0.jar;C:\Users\santiago.arenas\.m2\repository\io\cucumber\html-formatter\20.3.1\html-formatter-20.3.1.jar;C:\Users\santiago.arenas\.m2\repository\io\cucumber\junit-xml-formatter\0.2.0\junit-xml-formatter-0.2.0.jar;C:\Users\santiago.arenas\.m2\repository\io\cucumber\ci-environment\9.2.0\ci-environment-9.2.0.jar;C:\Users\santiago.arenas\.m2\repository\org\apiguardian\apiguardian-api\1.1.2\apiguardian-api-1.1.2.jar;C:\Users\santiago.arenas\.m2\repository\io\cucumber\cucumber-junit\7.13.0\cucumber-junit-7.13.0.jar;C:\Users\santiago.arenas\.m2\repository\junit\junit\4.13.2\junit-4.13.2.jar;C:\Users\santiago.arenas\.m2\repository\org\hamcrest\hamcrest-core\1.3\hamcrest-core-1.3.jar;C:\Users\santiago.arenas\.m2\repository\org\projectlombok\lombok\1.18.28\lombok-1.18.28.jar;C:\Users\santiago.arenas\.m2\repository\com\google\code\gson\gson\2.10.1\gson-2.10.1.jar;C:\Users\santiago.arenas\.m2\repository\com\github\javafaker\javafaker\1.0.2\javafaker-1.0.2.jar;C:\Users\santiago.arenas\.m2\repository\org\apache\commons\commons-lang3\3.5\commons-lang3-3.5.jar;C:\Users\santiago.arenas\.m2\repository\org\yaml\snakeyaml\1.23\snakeyaml-1.23-android.jar;C:\Users\santiago.arenas\.m2\repository\com\github\mifmif\generex\1.0.2\generex-1.0.2.jar;C:\Users\santiago.arenas\.m2\repository\dk\brics\automaton\automaton\1.11-8\automaton-1.11-8.jar;C:\Users\santiago.arenas\.m2\repository\io\rest-assured\rest-assured\5.3.1\rest-assured-5.3.1.jar;C:\Users\santiago.arenas\.m2\repository\org\apache\groovy\groovy\4.0.11\groovy-4.0.11.jar;C:\Users\santiago.arenas\.m2\repository\org\apache\groovy\groovy-xml\4.0.11\groovy-xml-4.0.11.jar;C:\Users\santiago.arenas\.m2\repository\org\apache\httpcomponents\httpclient\4.5.13\httpclient-4.5.13.jar;C:\Users\santiago.arenas\.m2\repository\org\apache\httpcomponents\httpcore\4.4.13\httpcore-4.4.13.jar;C:\Users\santiago.arenas\.m2\repository\commons-logging\commons-logging\1.2\commons-logging-1.2.jar;C:\Users\santiago.arenas\.m2\repository\commons-codec\commons-codec\1.11\commons-codec-1.11.jar;C:\Users\santiago.arenas\.m2\repository\org\apache\httpcomponents\httpmime\4.5.13\httpmime-4.5.13.jar;C:\Users\santiago.arenas\.m2\repository\org\hamcrest\hamcrest\2.2\hamcrest-2.2.jar;C:\Users\santiago.arenas\.m2\repository\org\ccil\cowan\tagsoup\tagsoup\1.2.1\tagsoup-1.2.1.jar;C:\Users\santiago.arenas\.m2\repository\io\rest-assured\json-path\5.3.1\json-path-5.3.1.jar;C:\Users\santiago.arenas\.m2\repository\org\apache\groovy\groovy-json\4.0.11\groovy-json-4.0.11.jar;C:\Users\santiago.arenas\.m2\repository\io\rest-assured\rest-assured-common\5.3.1\rest-assured-common-5.3.1.jar;C:\Users\santiago.arenas\.m2\repository\io\rest-assured\xml-path\5.3.1\xml-path-5.3.1.jar;C:\Users\santiago.arenas\.m2\repository\io\rest-assured\json-schema-validator\5.3.1\json-schema-validator-5.3.1.jar;C:\Users\santiago.arenas\.m2\repository\com\github\java-json-tools\json-schema-validator\2.2.14\json-schema-validator-2.2.14.jar;C:\Users\santiago.arenas\.m2\repository\com\github\java-json-tools\jackson-coreutils-equivalence\1.0\jackson-coreutils-equivalence-1.0.jar;C:\Users\santiago.arenas\.m2\repository\com\fasterxml\jackson\core\jackson-databind\2.11.0\jackson-databind-2.11.0.jar;C:\Users\santiago.arenas\.m2\repository\com\fasterxml\jackson\core\jackson-annotations\2.11.0\jackson-annotations-2.11.0.jar;C:\Users\santiago.arenas\.m2\repository\com\fasterxml\jackson\core\jackson-core\2.11.0\jackson-core-2.11.0.jar;C:\Users\santiago.arenas\.m2\repository\com\github\java-json-tools\jackson-coreutils\2.0\jackson-coreutils-2.0.jar;C:\Users\santiago.arenas\.m2\repository\com\github\java-json-tools\msg-simple\1.2\msg-simple-1.2.jar;C:\Users\santiago.arenas\.m2\repository\com\github\java-json-tools\btf\1.3\btf-1.3.jar;C:\Users\santiago.arenas\.m2\repository\com\github\java-json-tools\json-schema-core\1.2.14\json-schema-core-1.2.14.jar;C:\Users\santiago.arenas\.m2\repository\com\github\java-json-tools\uri-template\0.10\uri-template-0.10.jar;C:\Users\santiago.arenas\.m2\repository\org\mozilla\rhino\1.7.7.2\rhino-1.7.7.2.jar;C:\Users\santiago.arenas\.m2\repository\com\sun\mail\mailapi\1.6.2\mailapi-1.6.2.jar;C:\Users\santiago.arenas\.m2\repository\joda-time\joda-time\2.10.5\joda-time-2.10.5.jar;C:\Users\santiago.arenas\.m2\repository\com\googlecode\libphonenumber\libphonenumber\8.11.1\libphonenumber-8.11.1.jar;C:\Users\santiago.arenas\.m2\repository\com\google\code\findbugs\jsr305\3.0.2\jsr305-3.0.2.jar;C:\Users\santiago.arenas\.m2\repository\net\sf\jopt-simple\jopt-simple\5.0.4\jopt-simple-5.0.4.jar;C:\Users\santiago.arenas\.m2\repository\com\google\guava\guava\32.0.1-jre\guava-32.0.1-jre.jar;C:\Users\santiago.arenas\.m2\repository\com\google\guava\failureaccess\1.0.1\failureaccess-1.0.1.jar;C:\Users\santiago.arenas\.m2\repository\com\google\guava\listenablefuture\9999.0-empty-to-avoid-conflict-with-guava\listenablefuture-9999.0-empty-to-avoid-conflict-with-guava.jar;C:\Users\santiago.arenas\.m2\repository\org\checkerframework\checker-qual\3.33.0\checker-qual-3.33.0.jar;C:\Users\santiago.arenas\.m2\repository\com\google\errorprone\error_prone_annotations\2.18.0\error_prone_annotations-2.18.0.jar;C:\Users\santiago.arenas\.m2\repository\com\google\j2objc\j2objc-annotations\2.8\j2objc-annotations-2.8.jar;C:\Users\santiago.arenas\.m2\repository\org\junit\jupiter\junit-jupiter-api\5.10.0\junit-jupiter-api-5.10.0.jar;C:\Users\santiago.arenas\.m2\repository\org\opentest4j\opentest4j\1.3.0\opentest4j-1.3.0.jar;C:\Users\santiago.arenas\.m2\repository\org\junit\platform\junit-platform-commons\1.10.0\junit-platform-commons-1.10.0.jar;C:\Users\santiago.arenas\.m2\repository\org\apache\logging\log4j\log4j-api\2.20.0\log4j-api-2.20.0.jar;C:\Users\santiago.arenas\.m2\repository\org\apache\logging\log4j\log4j-core\2.20.0\log4j-core-2.20.0.jar;C:\Users\santiago.arenas\.m2\repository\org\jetbrains\annotations\24.1.0\annotations-24.1.0.jar;"/>
    <property name="sun.cpu.endian" value="little"/>
    <property name="user.home" value="C:\Users\santiago.arenas"/>
    <property name="user.language" value="en"/>
    <property name="java.specification.vendor" value="Oracle Corporation"/>
    <property name="java.version.date" value="2024-07-16"/>
    <property name="java.home" value="C:\Users\santiago.arenas\.jdks\corretto-17.0.12"/>
    <property name="file.separator" value="\"/>
    <property name="basedir" value="C:\Users\santiago.arenas\Downloads\assuredApi\assuredApi"/>
    <property name="java.vm.compressedOopsMode" value="Zero based"/>
    <property name="line.separator" value="&#10;"/>
    <property name="java.vm.specification.vendor" value="Oracle Corporation"/>
    <property name="java.specification.name" value="Java Platform API Specification"/>
    <property name="surefire.real.class.path" value="C:\Users\santiago.arenas\AppData\Local\Temp\surefire10569576017297949226\surefirebooter-20240913183227883_3.jar"/>
    <property name="user.script" value=""/>
    <property name="sun.management.compiler" value="HotSpot 64-Bit Tiered Compilers"/>
    <property name="java.runtime.version" value="17.0.12+7-LTS"/>
    <property name="user.name" value="santiago.arenas"/>
    <property name="path.separator" value=";"/>
    <property name="os.version" value="10.0"/>
    <property name="java.runtime.name" value="OpenJDK Runtime Environment"/>
    <property name="file.encoding" value="Cp1252"/>
    <property name="java.vm.name" value="OpenJDK 64-Bit Server VM"/>
    <property name="java.vendor.version" value="Corretto-17.0.12.7.1"/>
    <property name="localRepository" value="C:\Users\santiago.arenas\.m2\repository"/>
    <property name="java.vendor.url.bug" value="https://github.com/corretto/corretto-17/issues/"/>
    <property name="java.io.tmpdir" value="C:\Users\SANTIA~1.ARE\AppData\Local\Temp\"/>
    <property name="idea.version" value="2024.1.4"/>
    <property name="java.version" value="17.0.12"/>
    <property name="user.dir" value="C:\Users\santiago.arenas\Downloads\assuredApi\assuredApi"/>
    <property name="os.arch" value="amd64"/>
    <property name="java.vm.specification.name" value="Java Virtual Machine Specification"/>
    <property name="sun.os.patch.level" value=""/>
    <property name="native.encoding" value="Cp1252"/>
    <property name="java.library.path" value="C:\Users\santiago.arenas\.jdks\corretto-17.0.12\bin;C:\windows\Sun\Java\bin;C:\windows\system32;C:\windows;C:\Program Files\Common Files\Oracle\Java\javapath;C:\windows\system32;C:\windows;C:\windows\System32\Wbem;C:\windows\System32\WindowsPowerShell\v1.0\;C:\windows\System32\OpenSSH\;C:\Program Files\dotnet\;C:\Program Files\Git\cmd;C:\Program Files\nodejs\;C:\Users\santiago.arenas\Downloads\platform-tools-latest-windows\platform-tools\build-tools;C:\Users\santiago.arenas\Downloads\platform-tools-latest-windows\platform-tools\platform-tools;C:\Users\santiago.arenas\Downloads\platform-tools-latest-windows\platform-tools\tools;C:\Users\santiago.arenas\AppData\Local\Microsoft\WindowsApps;C:\Users\santiago.arenas\AppData\Local\Programs\Microsoft VS Code\bin;C:\Program Files\Maven\apache-maven-3.9.9\bin;C:\Users\santiago.arenas\AppData\Roaming\npm;C:\Users\santiago.arenas\Downloads\platform-tools-latest-windows\platform-tools;;."/>
    <property name="java.vm.info" value="mixed mode, sharing"/>
    <property name="java.vendor" value="Amazon.com Inc."/>
    <property name="java.vm.version" value="17.0.12+7-LTS"/>
    <property name="sun.io.unicode.encoding" value="UnicodeLittle"/>
    <property name="java.class.version" value="61.0"/>
  </properties>
  <testcase name="Change the phone number of the first Client named Laura" classname="Client testing CRUD" time="10.718">
    <system-out><![CDATA[13-09-2024 18:32:30 INFO [api.stepDefinitions.Hooks:16] - *****************************************************************************************
13-09-2024 18:32:30 INFO [api.stepDefinitions.Hooks:17] - 	Scenario: Change the phone number of the first Client named Laura
13-09-2024 18:32:30 INFO [api.stepDefinitions.Hooks:18] - *****************************************************************************************
13-09-2024 18:32:33 INFO [api.stepDefinitions.ClientSteps:39] - Created client: Client(name=Marielle, lastName=Vandervort, country=Bangladesh, city=North Hollisville, email=mellisa.pfeffer@hotmail.com, phone=(603) 330-5708, id=207-59-9808)
13-09-2024 18:32:34 INFO [api.stepDefinitions.ClientSteps:39] - Created client: Client(name=Denyse, lastName=Mertz, country=Gabon, city=Lawrencefort, email=earle.crona@yahoo.com, phone=129-970-6840, id=632-26-5997)
13-09-2024 18:32:34 INFO [api.stepDefinitions.ClientSteps:39] - Created client: Client(name=Marceline, lastName=Orn, country=Niger, city=West Dolorisburgh, email=vikki.pfannerstill@yahoo.com, phone=(716) 752-0512, id=810-41-4026)
13-09-2024 18:32:34 INFO [api.stepDefinitions.ClientSteps:39] - Created client: Client(name=Kyoko, lastName=Hintz, country=French Guiana, city=Rempelbury, email=teofila.tremblay@yahoo.com, phone=(854) 935-5387 x09374, id=227-69-2571)
13-09-2024 18:32:34 INFO [api.stepDefinitions.ClientSteps:39] - Created client: Client(name=Jayson, lastName=Rolfson, country=Gabon, city=Konopelskiview, email=kristan.hauck@gmail.com, phone=388.257.8999, id=014-49-3830)
13-09-2024 18:32:35 INFO [api.stepDefinitions.ClientSteps:39] - Created client: Client(name=Nena, lastName=Gulgowski, country=Somalia, city=South Hassanside, email=mechelle.barton@hotmail.com, phone=(677) 803-0810 x935, id=449-71-4272)
13-09-2024 18:32:35 INFO [api.stepDefinitions.ClientSteps:39] - Created client: Client(name=Barbie, lastName=Green, country=Vietnam, city=Nienowburgh, email=arletha.stark@hotmail.com, phone=(502) 581-6109 x163, id=661-14-3194)
13-09-2024 18:32:35 INFO [api.stepDefinitions.ClientSteps:39] - Created client: Client(name=Jeneva, lastName=Cole, country=United States Minor Outlying Islands, city=Adrianeberg, email=abigail.cummings@hotmail.com, phone=297.782.8902 x5213, id=166-61-6421)
13-09-2024 18:32:35 INFO [api.stepDefinitions.ClientSteps:39] - Created client: Client(name=Barry, lastName=Gibson, country=Uganda, city=North Irving, email=bradford.lueilwitz@hotmail.com, phone=1-822-406-0060 x2571, id=438-78-2120)
13-09-2024 18:32:36 INFO [api.stepDefinitions.ClientSteps:39] - Created client: Client(name=Rikki, lastName=Morar, country=Austria, city=Huelsberg, email=jerrold.langosh@yahoo.com, phone=1-553-230-7513 x200, id=248-57-8877)
13-09-2024 18:32:36 INFO [api.stepDefinitions.ClientSteps:113] - [
    {
        "name": "Marielle",
        "lastName": "Vandervort",
        "country": "Bangladesh",
        "city": "North Hollisville",
        "email": "mellisa.pfeffer@hotmail.com",
        "phone": "(603) 330-5708",
        "id": "1"
    },
    {
        "name": "Denyse",
        "lastName": "Mertz",
        "country": "Gabon",
        "city": "Lawrencefort",
        "email": "earle.crona@yahoo.com",
        "phone": "129-970-6840",
        "id": "2"
    },
    {
        "name": "Marceline",
        "lastName": "Orn",
        "country": "Niger",
        "city": "West Dolorisburgh",
        "email": "vikki.pfannerstill@yahoo.com",
        "phone": "(716) 752-0512",
        "id": "3"
    },
    {
        "name": "Kyoko",
        "lastName": "Hintz",
        "country": "French Guiana",
        "city": "Rempelbury",
        "email": "teofila.tremblay@yahoo.com",
        "phone": "(854) 935-5387 x09374",
        "id": "4"
    },
    {
        "name": "Jayson",
        "lastName": "Rolfson",
        "country": "Gabon",
        "city": "Konopelskiview",
        "email": "kristan.hauck@gmail.com",
        "phone": "388.257.8999",
        "id": "5"
    },
    {
        "name": "Nena",
        "lastName": "Gulgowski",
        "country": "Somalia",
        "city": "South Hassanside",
        "email": "mechelle.barton@hotmail.com",
        "phone": "(677) 803-0810 x935",
        "id": "6"
    },
    {
        "name": "Barbie",
        "lastName": "Green",
        "country": "Vietnam",
        "city": "Nienowburgh",
        "email": "arletha.stark@hotmail.com",
        "phone": "(502) 581-6109 x163",
        "id": "7"
    },
    {
        "name": "Jeneva",
        "lastName": "Cole",
        "country": "United States Minor Outlying Islands",
        "city": "Adrianeberg",
        "email": "abigail.cummings@hotmail.com",
        "phone": "297.782.8902 x5213",
        "id": "8"
    },
    {
        "name": "Barry",
        "lastName": "Gibson",
        "country": "Uganda",
        "city": "North Irving",
        "email": "bradford.lueilwitz@hotmail.com",
        "phone": "1-822-406-0060 x2571",
        "id": "9"
    },
    {
        "name": "Rikki",
        "lastName": "Morar",
        "country": "Austria",
        "city": "Huelsberg",
        "email": "jerrold.langosh@yahoo.com",
        "phone": "1-553-230-7513 x200",
        "id": "10"
    }
]
13-09-2024 18:32:37 INFO [api.stepDefinitions.ClientSteps:133] - Updated client: Client(name=Laura, lastName=Smith, country=USA, city=New York, email=laura.smith@example.com, phone=555-987-6543, id=null)
13-09-2024 18:32:37 INFO [api.stepDefinitions.ClientSteps:102] - Successfully Validated schema from Client object
13-09-2024 18:32:37 INFO [api.stepDefinitions.ClientSteps:75] - Client(name=Marielle, lastName=Vandervort, country=Bangladesh, city=North Hollisville, email=mellisa.pfeffer@hotmail.com, phone=(603) 330-5708, id=1)
13-09-2024 18:32:37 INFO [api.stepDefinitions.ClientSteps:75] - Client(name=Denyse, lastName=Mertz, country=Gabon, city=Lawrencefort, email=earle.crona@yahoo.com, phone=129-970-6840, id=2)
13-09-2024 18:32:37 INFO [api.stepDefinitions.ClientSteps:75] - Client(name=Marceline, lastName=Orn, country=Niger, city=West Dolorisburgh, email=vikki.pfannerstill@yahoo.com, phone=(716) 752-0512, id=3)
13-09-2024 18:32:37 INFO [api.stepDefinitions.ClientSteps:75] - Client(name=Kyoko, lastName=Hintz, country=French Guiana, city=Rempelbury, email=teofila.tremblay@yahoo.com, phone=(854) 935-5387 x09374, id=4)
13-09-2024 18:32:37 INFO [api.stepDefinitions.ClientSteps:75] - Client(name=Jayson, lastName=Rolfson, country=Gabon, city=Konopelskiview, email=kristan.hauck@gmail.com, phone=388.257.8999, id=5)
13-09-2024 18:32:37 INFO [api.stepDefinitions.ClientSteps:75] - Client(name=Nena, lastName=Gulgowski, country=Somalia, city=South Hassanside, email=mechelle.barton@hotmail.com, phone=(677) 803-0810 x935, id=6)
13-09-2024 18:32:37 INFO [api.stepDefinitions.ClientSteps:75] - Client(name=Barbie, lastName=Green, country=Vietnam, city=Nienowburgh, email=arletha.stark@hotmail.com, phone=(502) 581-6109 x163, id=7)
13-09-2024 18:32:37 INFO [api.stepDefinitions.ClientSteps:75] - Client(name=Jeneva, lastName=Cole, country=United States Minor Outlying Islands, city=Adrianeberg, email=abigail.cummings@hotmail.com, phone=297.782.8902 x5213, id=8)
13-09-2024 18:32:37 INFO [api.stepDefinitions.ClientSteps:75] - Client(name=Barry, lastName=Gibson, country=Uganda, city=North Irving, email=bradford.lueilwitz@hotmail.com, phone=1-822-406-0060 x2571, id=9)
13-09-2024 18:32:37 INFO [api.stepDefinitions.ClientSteps:75] - Client(name=Rikki, lastName=Morar, country=Austria, city=Huelsberg, email=jerrold.langosh@yahoo.com, phone=1-553-230-7513 x200, id=10)
13-09-2024 18:32:37 INFO [api.stepDefinitions.ClientSteps:75] - Client(name=Laura, lastName=Smith, country=USA, city=New York, email=laura.smith@example.com, phone=555-987-6543, id=11)
13-09-2024 18:32:38 INFO [api.stepDefinitions.ClientSteps:145] - Deleted client with ID: 1
13-09-2024 18:32:38 INFO [api.stepDefinitions.ClientSteps:145] - Deleted client with ID: 2
13-09-2024 18:32:38 INFO [api.stepDefinitions.ClientSteps:145] - Deleted client with ID: 3
13-09-2024 18:32:38 INFO [api.stepDefinitions.ClientSteps:145] - Deleted client with ID: 4
13-09-2024 18:32:39 INFO [api.stepDefinitions.ClientSteps:145] - Deleted client with ID: 5
13-09-2024 18:32:39 INFO [api.stepDefinitions.ClientSteps:145] - Deleted client with ID: 6
13-09-2024 18:32:39 INFO [api.stepDefinitions.ClientSteps:145] - Deleted client with ID: 7
13-09-2024 18:32:39 INFO [api.stepDefinitions.ClientSteps:145] - Deleted client with ID: 8
13-09-2024 18:32:39 INFO [api.stepDefinitions.ClientSteps:145] - Deleted client with ID: 9
13-09-2024 18:32:40 INFO [api.stepDefinitions.ClientSteps:145] - Deleted client with ID: 10
13-09-2024 18:32:40 INFO [api.stepDefinitions.ClientSteps:145] - Deleted client with ID: 11
13-09-2024 18:32:40 INFO [api.stepDefinitions.Hooks:24] - *****************************************************************************************
13-09-2024 18:32:40 INFO [api.stepDefinitions.Hooks:25] - 	Scenario finished: Change the phone number of the first Client named Laura
13-09-2024 18:32:40 INFO [api.stepDefinitions.Hooks:26] - *****************************************************************************************
]]></system-out>
  </testcase>
  <testcase name="Update and delete a New Client" classname="Client testing CRUD" time="1.63">
    <system-out><![CDATA[13-09-2024 18:32:40 INFO [api.stepDefinitions.Hooks:16] - *****************************************************************************************
13-09-2024 18:32:40 INFO [api.stepDefinitions.Hooks:17] - 	Scenario: Update and delete a New Client
13-09-2024 18:32:40 INFO [api.stepDefinitions.Hooks:18] - *****************************************************************************************
13-09-2024 18:32:40 INFO [api.stepDefinitions.ClientSteps:39] - Created client: Client(name=Myesha, lastName=Auer, country=Guadeloupe, city=Aufderharville, email=delfina.collier@yahoo.com, phone=(616) 830-5819 x81222, id=071-35-9994)
13-09-2024 18:32:41 INFO [api.stepDefinitions.ClientSteps:113] - [
    {
        "name": "Myesha",
        "lastName": "Auer",
        "country": "Guadeloupe",
        "city": "Aufderharville",
        "email": "delfina.collier@yahoo.com",
        "phone": "(616) 830-5819 x81222",
        "id": "1"
    }
]
13-09-2024 18:32:41 INFO [api.stepDefinitions.ClientSteps:133] - Updated client: Client(name=Manuel, lastName=Muñoz, country=Colombia, city=Bogota, email=mf.munoz@globant.com, phone=999-543-1298, id=null)
13-09-2024 18:32:41 INFO [api.stepDefinitions.ClientSteps:102] - Successfully Validated schema from Client object
13-09-2024 18:32:41 INFO [api.stepDefinitions.ClientSteps:75] - Client(name=Manuel, lastName=Muñoz, country=Colombia, city=Bogota, email=mf.munoz@globant.com, phone=999-543-1298, id=1)
13-09-2024 18:32:42 INFO [api.stepDefinitions.ClientSteps:145] - Deleted client with ID: 1
13-09-2024 18:32:42 INFO [api.stepDefinitions.Hooks:24] - *****************************************************************************************
13-09-2024 18:32:42 INFO [api.stepDefinitions.Hooks:25] - 	Scenario finished: Update and delete a New Client
13-09-2024 18:32:42 INFO [api.stepDefinitions.Hooks:26] - *****************************************************************************************
]]></system-out>
  </testcase>
</testsuite>